-------------------------------------------------------------------------------
Test set: cn.gsonya.Practice.admin.dao.GroupDaoTest
-------------------------------------------------------------------------------
Tests run: 1, Failures: 0, Errors: 1, Skipped: 0, Time elapsed: 7.989 s <<< FAILURE! - in cn.gsonya.Practice.admin.dao.GroupDaoTest
testGetRoot(cn.gsonya.Practice.admin.dao.GroupDaoTest)  Time elapsed: 0.049 s  <<< ERROR!
java.lang.IllegalStateException: Failed to load ApplicationContext
Caused by: org.springframework.beans.factory.BeanCreationException: Error creating bean with name 'entityManagerFactory' defined in class path resource [applicationContextTest-resources.xml]: Invocation of init method failed; nested exception is javax.persistence.PersistenceException: [PersistenceUnit: ApplicationEntityManager] Unable to build Hibernate SessionFactory; nested exception is org.hibernate.exception.GenericJDBCException: Unable to open JDBC Connection for DDL execution
Caused by: javax.persistence.PersistenceException: [PersistenceUnit: ApplicationEntityManager] Unable to build Hibernate SessionFactory; nested exception is org.hibernate.exception.GenericJDBCException: Unable to open JDBC Connection for DDL execution
Caused by: org.hibernate.exception.GenericJDBCException: Unable to open JDBC Connection for DDL execution
Caused by: java.sql.SQLException: Cannot create PoolableConnectionFactory (Access denied for user 'student'@'223.104.19.64' (using password: YES))
Caused by: java.sql.SQLException: Access denied for user 'student'@'223.104.19.64' (using password: YES)

